# Generated by the VisualDSP++ IDDE (Wed Jan 20 22:50:31 2010)
# Project File: C:\mza\DSP_FIN\DSP\EBIUSystemServicesBF561\CoreA\CoreA.dpj

"C:\Program Files\Analog Devices\VisualDSP 5.0\ccblkfn.exe" -c ..\..\src\buttons_and_leds.c -file-attr ProjectName=CoreA -O -Ov100 -g -save-temps -path-output ..\Debug -structs-do-not-overlap -no-multiline -double-size-32 -decls-strong -warn-protos -proc ADSP-BF561 -o ..\Debug\buttons_and_leds.doj -MM
"C:\Program Files\Analog Devices\VisualDSP 5.0\ccblkfn.exe" -c ..\..\src\dma.c -file-attr ProjectName=CoreA -O -Ov100 -g -save-temps -path-output ..\Debug -structs-do-not-overlap -no-multiline -double-size-32 -decls-strong -warn-protos -proc ADSP-BF561 -o ..\Debug\dma.doj -MM
"C:\Program Files\Analog Devices\VisualDSP 5.0\ccblkfn.exe" -c ..\..\src\dsp-fin-process-waveform.c -file-attr ProjectName=CoreA -O -Ov100 -g -save-temps -path-output ..\Debug -structs-do-not-overlap -no-multiline -double-size-32 -decls-strong -warn-protos -proc ADSP-BF561 -o ..\Debug\dsp-fin-process-waveform.doj -MM
"C:\Program Files\Analog Devices\VisualDSP 5.0\ccblkfn.exe" -c ..\..\src\dsp-fin-waveform-processing.c -file-attr ProjectName=CoreA -O -Ov100 -g -save-temps -path-output ..\Debug -structs-do-not-overlap -no-multiline -double-size-32 -decls-strong -warn-protos -proc ADSP-BF561 -o ..\Debug\dsp-fin-waveform-processing.doj -MM
"C:\Program Files\Analog Devices\VisualDSP 5.0\ccblkfn.exe" -c ..\..\src\numerical-recipes-in-c\fit.c -file-attr ProjectName=CoreA -O -Ov100 -g -save-temps -path-output ..\Debug -structs-do-not-overlap -no-multiline -double-size-32 -decls-strong -warn-protos -proc ADSP-BF561 -o ..\Debug\fit.doj -MM
"C:\Program Files\Analog Devices\VisualDSP 5.0\ccblkfn.exe" -c ..\..\src\numerical-recipes-in-c\four1.c -file-attr ProjectName=CoreA -O -Ov100 -g -save-temps -path-output ..\Debug -structs-do-not-overlap -no-multiline -double-size-32 -decls-strong -warn-protos -proc ADSP-BF561 -o ..\Debug\four1.doj -MM
"C:\Program Files\Analog Devices\VisualDSP 5.0\ccblkfn.exe" -c ..\..\src\numerical-recipes-in-c\gammln.c -file-attr ProjectName=CoreA -O -Ov100 -g -save-temps -path-output ..\Debug -structs-do-not-overlap -no-multiline -double-size-32 -decls-strong -warn-protos -proc ADSP-BF561 -o ..\Debug\gammln.doj -MM
"C:\Program Files\Analog Devices\VisualDSP 5.0\ccblkfn.exe" -c ..\..\src\numerical-recipes-in-c\gammq.c -file-attr ProjectName=CoreA -O -Ov100 -g -save-temps -path-output ..\Debug -structs-do-not-overlap -no-multiline -double-size-32 -decls-strong -warn-protos -proc ADSP-BF561 -o ..\Debug\gammq.doj -MM
"C:\Program Files\Analog Devices\VisualDSP 5.0\ccblkfn.exe" -c ..\..\src\numerical-recipes-in-c\gcf.c -file-attr ProjectName=CoreA -O -Ov100 -g -save-temps -path-output ..\Debug -structs-do-not-overlap -no-multiline -double-size-32 -decls-strong -warn-protos -proc ADSP-BF561 -o ..\Debug\gcf.doj -MM
"C:\Program Files\Analog Devices\VisualDSP 5.0\ccblkfn.exe" -c ..\..\src\generic.c -file-attr ProjectName=CoreA -O -Ov100 -g -save-temps -path-output ..\Debug -structs-do-not-overlap -no-multiline -double-size-32 -decls-strong -warn-protos -proc ADSP-BF561 -o ..\Debug\generic.doj -MM
"C:\Program Files\Analog Devices\VisualDSP 5.0\ccblkfn.exe" -c ..\..\src\numerical-recipes-in-c\gser.c -file-attr ProjectName=CoreA -O -Ov100 -g -save-temps -path-output ..\Debug -structs-do-not-overlap -no-multiline -double-size-32 -decls-strong -warn-protos -proc ADSP-BF561 -o ..\Debug\gser.doj -MM
"C:\Program Files\Analog Devices\VisualDSP 5.0\ccblkfn.exe" -c ..\..\src\initialize_pll.c -file-attr ProjectName=CoreA -O -Ov100 -g -save-temps -path-output ..\Debug -structs-do-not-overlap -no-multiline -double-size-32 -decls-strong -warn-protos -proc ADSP-BF561 -o ..\Debug\initialize_pll.doj -MM
"C:\Program Files\Analog Devices\VisualDSP 5.0\ccblkfn.exe" -c ..\..\src\initialize_ppi.c -file-attr ProjectName=CoreA -O -Ov100 -g -save-temps -path-output ..\Debug -structs-do-not-overlap -no-multiline -double-size-32 -decls-strong -warn-protos -proc ADSP-BF561 -o ..\Debug\initialize_ppi.doj -MM
"C:\Program Files\Analog Devices\VisualDSP 5.0\ccblkfn.exe" -c ..\..\src\initialize_sdram.c -file-attr ProjectName=CoreA -O -Ov100 -g -save-temps -path-output ..\Debug -structs-do-not-overlap -no-multiline -double-size-32 -decls-strong -warn-protos -proc ADSP-BF561 -o ..\Debug\initialize_sdram.doj -MM
"C:\Program Files\Analog Devices\VisualDSP 5.0\ccblkfn.exe" -c .\main_core_a.c -file-attr ProjectName=CoreA -O -Ov100 -g -save-temps -path-output ..\Debug -structs-do-not-overlap -no-multiline -double-size-32 -decls-strong -warn-protos -proc ADSP-BF561 -o ..\Debug\main_core_a.doj -MM
"C:\Program Files\Analog Devices\VisualDSP 5.0\ccblkfn.exe" -c ..\..\src\numerical-recipes-in-c\nrutil.c -file-attr ProjectName=CoreA -O -Ov100 -g -save-temps -path-output ..\Debug -structs-do-not-overlap -no-multiline -double-size-32 -decls-strong -warn-protos -proc ADSP-BF561 -o ..\Debug\nrutil.doj -MM
"C:\Program Files\Analog Devices\VisualDSP 5.0\ccblkfn.exe" -c ..\..\src\numerical-recipes-in-c\realft.c -file-attr ProjectName=CoreA -O -Ov100 -g -save-temps -path-output ..\Debug -structs-do-not-overlap -no-multiline -double-size-32 -decls-strong -warn-protos -proc ADSP-BF561 -o ..\Debug\realft.doj -MM
"C:\Program Files\Analog Devices\VisualDSP 5.0\ccblkfn.exe" -c .\SL10.c -file-attr ProjectName=CoreA -O -Ov100 -g -save-temps -path-output ..\Debug -structs-do-not-overlap -no-multiline -double-size-32 -decls-strong -warn-protos -proc ADSP-BF561 -o ..\Debug\SL10.doj -MM
"C:\Program Files\Analog Devices\VisualDSP 5.0\ccblkfn.exe" -c .\waveform0.c -file-attr ProjectName=CoreA -O -Ov100 -g -save-temps -path-output ..\Debug -structs-do-not-overlap -no-multiline -double-size-32 -decls-strong -warn-protos -proc ADSP-BF561 -o ..\Debug\waveform0.doj -MM
"C:\Program Files\Analog Devices\VisualDSP 5.0\ccblkfn.exe" -c ..\..\src\numerical-recipes-in-c\xfit.c -file-attr ProjectName=CoreA -O -Ov100 -g -save-temps -path-output ..\Debug -structs-do-not-overlap -no-multiline -double-size-32 -decls-strong -warn-protos -proc ADSP-BF561 -o ..\Debug\xfit.doj -MM
"C:\Program Files\Analog Devices\VisualDSP 5.0\ccblkfn.exe" -c ..\..\src\numerical-recipes-in-c\xrealft.c -file-attr ProjectName=CoreA -O -Ov100 -g -save-temps -path-output ..\Debug -structs-do-not-overlap -no-multiline -double-size-32 -decls-strong -warn-protos -proc ADSP-BF561 -o ..\Debug\xrealft.doj -MM
"C:\Program Files\Analog Devices\VisualDSP 5.0\ccblkfn.exe" -proc ADSP-BF561 -build-lib -o ..\Debug\CoreA.dlb ..\Debug\buttons_and_leds.doj ..\Debug\dma.doj ..\Debug\dsp-fin-process-waveform.doj ..\Debug\dsp-fin-waveform-processing.doj ..\Debug\fit.doj ..\Debug\four1.doj ..\Debug\gammln.doj ..\Debug\gammq.doj ..\Debug\gcf.doj ..\Debug\generic.doj ..\Debug\gser.doj ..\Debug\initialize_pll.doj ..\Debug\initialize_ppi.doj ..\Debug\initialize_sdram.doj ..\Debug\main_core_a.doj ..\Debug\nrutil.doj ..\Debug\realft.doj ..\Debug\SL10.doj ..\Debug\waveform0.doj ..\Debug\xfit.doj ..\Debug\xrealft.doj -MM
