CoreGen has not been configured with any user repositories.
CoreGen has been configured with the following Xilinx repositories:
 - 'C:\Xilinx\13.2\ISE_DS\ISE\coregen\' [reloaded]
INFO:sim - Generating component instance 'address_comparator' of
   'xilinx.com:ip:c_compare:9.0' from
   'C:\Xilinx\13.2\ISE_DS\ISE\coregen\ip\xilinx\primary\com\xilinx\ip\c_compare_
   v9_0\c_compare_v9_0.xcd'.
Applying current project options...
Finished applying current project options.
Resolving generic values...
Finished resolving generic values.
Generating IP...
WARNING:sim:89 - A core named <address_comparator> already exists in the output
   directory. Output products for this core may be overwritten.
XST: HDL Compilation
XST: Design Hierarchy Analysis
XST: HDL Analysis
Generating Implementation files.
Generating NGC file.
Finished Generation.
Generating IP instantiation template...
Generating ASY schematic symbol...
Generating SYM schematic symbol for 'address_comparator'...
Generating metadata file...
Generating ISE project...
Generating README file...
Generating FLIST file...
INFO:sim - Finished FLIST file generation.
Moving files to output directory...
Finished moving files to output directory
Wrote CGP file for project 'address_comparator'.
